[debug] [2022-05-28T02:13:46.144Z] ----------------------------------------------------------------------
[debug] [2022-05-28T02:13:46.145Z] Command:       C:\Program Files\nodejs\node.exe C:\Users\jorge\AppData\Roaming\npm\node_modules\firebase-tools\lib\bin\firebase.js deploy
[debug] [2022-05-28T02:13:46.146Z] CLI Version:   11.0.1
[debug] [2022-05-28T02:13:46.146Z] Platform:      win32
[debug] [2022-05-28T02:13:46.146Z] Node Version:  v16.14.2
[debug] [2022-05-28T02:13:46.147Z] Time:          Fri May 27 2022 21:13:46 GMT-0500 (hora estándar de Colombia)
[debug] [2022-05-28T02:13:46.147Z] ----------------------------------------------------------------------
[debug] 
[debug] [2022-05-28T02:13:46.190Z] > command requires scopes: ["email","openid","https://www.googleapis.com/auth/cloudplatformprojects.readonly","https://www.googleapis.com/auth/firebase","https://www.googleapis.com/auth/cloud-platform"]
[debug] [2022-05-28T02:13:46.190Z] > authorizing via signed-in user (asnforgetbytes@gmail.com)
[debug] [2022-05-28T02:13:46.191Z] [iam] checking project asnforgetbytesprofile for permissions ["firebase.projects.get","firebasehosting.sites.update"]
[debug] [2022-05-28T02:13:46.192Z] >>> [apiv2][query] POST https://cloudresourcemanager.googleapis.com/v1/projects/asnforgetbytesprofile:testIamPermissions [none]
[debug] [2022-05-28T02:13:46.192Z] >>> [apiv2][body] POST https://cloudresourcemanager.googleapis.com/v1/projects/asnforgetbytesprofile:testIamPermissions {"permissions":["firebase.projects.get","firebasehosting.sites.update"]}
[debug] [2022-05-28T02:13:46.205Z] [iam] error while checking permissions, command may fail: FirebaseError: Failed to make request to https://cloudresourcemanager.googleapis.com/v1/projects/asnforgetbytesprofile:testIamPermissions
[debug] [2022-05-28T02:13:46.205Z] >>> [apiv2][query] GET https://firebase.googleapis.com/v1beta1/projects/asnforgetbytesprofile [none]
[debug] [2022-05-28T02:13:46.208Z] Failed to make request to https://firebase.googleapis.com/v1beta1/projects/asnforgetbytesprofile
[debug] [2022-05-28T02:13:46.211Z] FirebaseError: Failed to make request to https://firebase.googleapis.com/v1beta1/projects/asnforgetbytesprofile
    at RetryOperation._fn (C:\Users\jorge\AppData\Roaming\npm\node_modules\firebase-tools\lib\apiv2.js:240:31)
    at processTicksAndRejections (node:internal/process/task_queues:96:5)
[error] 
[error] Error: Failed to get Firebase project asnforgetbytesprofile. Please make sure the project exists and your account has permission to access it.
